INFO 2021-04-19 10:55:10,170 views 4900 6088 complete step 1
INFO 2021-04-19 10:55:10,199 views 4900 6088 complete step 2
INFO 2021-04-19 10:55:10,627 views 4900 6088 complete step 3
INFO 2021-04-19 10:55:10,656 views 4900 6088 complete step 4
INFO 2021-04-19 10:55:10,657 views 4900 6088 complete step 5
INFO 2021-04-19 10:55:10,684 Kpa 4900 6088 {'baseNetwork': [{'targetNode': '617629', 'numOfPeople': 280, 'sourceNode': '999001'}, {'targetNode': '690698', 'numOfPeople': 145, 'sourceNode': '617629'}, {'targetNode': '617629', 'numOfPeople': 110, 'sourceNode': '780789'}, {'targetNode': '401405', 'numOfPeople': 145, 'sourceNode': '690698'}, {'targetNode': '249259', 'numOfPeople': 130, 'sourceNode': '999001'}, {'targetNode': '401405', 'numOfPeople': 130, 'sourceNode': '249259'}, {'targetNode': '401405', 'numOfPeople': 135, 'sourceNode': '617629'}, {'targetNode': '640649', 'numOfPeople': 110, 'sourceNode': '617629'}, {'targetNode': '999999', 'numOfPeople': 96, 'sourceNode': '401405'}, {'targetNode': '650659', 'numOfPeople': 135, 'sourceNode': '401405'}, {'targetNode': '401405', 'numOfPeople': 110, 'sourceNode': '640649'}, {'targetNode': '780789', 'numOfPeople': 110, 'sourceNode': '999001'}, {'targetNode': '999999', 'numOfPeople': 32, 'sourceNode': '650659'}], 'sufferDisease': ['401405', '617629'], 'distinctGene': ['617629', '249259', '401405'], 'keyPathway': [], 'importantNode': ['617629', '401405', '780789']}
INFO 2021-04-19 10:55:10,684 Kpa 4900 6088 exit
INFO 2021-04-19 10:55:10,684 views 4900 6088 complete step 6
INFO 2021-04-19 10:55:25,066 views 4900 6088 complete step 1
INFO 2021-04-19 10:55:25,073 views 4900 6088 complete step 2
INFO 2021-04-19 10:55:25,076 views 4900 6088 complete step 3
INFO 2021-04-19 10:55:25,079 views 4900 6088 complete step 4
INFO 2021-04-19 10:55:25,089 views 4900 6088 complete step 5
INFO 2021-04-19 10:55:25,097 Kpa 4900 6088 {'baseNetwork': [{'targetNode': '617629', 'numOfPeople': 412, 'sourceNode': '999001'}, {'targetNode': '560569', 'numOfPeople': 133, 'sourceNode': '780789'}, {'targetNode': '690698', 'numOfPeople': 145, 'sourceNode': '617629'}, {'targetNode': '90099', 'numOfPeople': 121, 'sourceNode': '780789'}, {'targetNode': '650659', 'numOfPeople': 121, 'sourceNode': '90099'}, {'targetNode': '401405', 'numOfPeople': 250, 'sourceNode': '999001'}, {'targetNode': '617629', 'numOfPeople': 231, 'sourceNode': '780789'}, {'targetNode': '401405', 'numOfPeople': 479, 'sourceNode': '690698'}, {'targetNode': '249259', 'numOfPeople': 130, 'sourceNode': '999001'}, {'targetNode': '690698', 'numOfPeople': 189, 'sourceNode': '460466'}, {'targetNode': '401405', 'numOfPeople': 130, 'sourceNode': '249259'}, {'targetNode': '401405', 'numOfPeople': 135, 'sourceNode': '617629'}, {'targetNode': '650659', 'numOfPeople': 121, 'sourceNode': '617629'}, {'targetNode': '640649', 'numOfPeople': 231, 'sourceNode': '617629'}, {'targetNode': '460466', 'numOfPeople': 189, 'sourceNode': '999001'}, {'targetNode': '999999', 'numOfPeople': 222, 'sourceNode': '401405'}, {'targetNode': '690698', 'numOfPeople': 145, 'sourceNode': '780789'}, {'targetNode': '650659', 'numOfPeople': 385, 'sourceNode': '401405'}, {'targetNode': '999999', 'numOfPeople': 27, 'sourceNode': '640649'}, {'targetNode': '401405', 'numOfPeople': 110, 'sourceNode': '640649'}, {'targetNode': '780789', 'numOfPeople': 630, 'sourceNode': '999001'}, {'targetNode': '560569', 'numOfPeople': 132, 'sourceNode': '617629'}, {'targetNode': '401405', 'numOfPeople': 265, 'sourceNode': '560569'}, {'targetNode': '999999', 'numOfPeople': 137, 'sourceNode': '650659'}], 'sufferDisease': ['401405', '617629'], 'distinctGene': ['617629', '249259', '401405'], 'keyPathway': [], 'importantNode': ['780789', '617629', '401405', '650659']}
INFO 2021-04-19 10:55:25,098 Kpa 4900 6088 exit
INFO 2021-04-19 10:55:25,099 views 4900 6088 complete step 6
INFO 2021-04-19 10:55:38,130 views 4900 6088 complete step 1
INFO 2021-04-19 10:55:38,138 views 4900 6088 complete step 2
INFO 2021-04-19 10:55:38,141 views 4900 6088 complete step 3
INFO 2021-04-19 10:55:38,148 views 4900 6088 complete step 4
INFO 2021-04-19 10:55:38,421 views 4900 6088 complete step 5
INFO 2021-04-19 10:55:38,431 Kpa 4900 6088 {'baseNetwork': [{'targetNode': '560569', 'numOfPeople': 133, 'sourceNode': '780789'}, {'targetNode': '650659', 'numOfPeople': 551, 'sourceNode': '90099'}, {'targetNode': '401405', 'numOfPeople': 803, 'sourceNode': '690698'}, {'targetNode': '90099', 'numOfPeople': 177, 'sourceNode': '999001'}, {'targetNode': '401405', 'numOfPeople': 130, 'sourceNode': '249259'}, {'targetNode': '210229', 'numOfPeople': 140, 'sourceNode': '999001'}, {'targetNode': '401405', 'numOfPeople': 235, 'sourceNode': '520529'}, {'targetNode': '640649', 'numOfPeople': 1931, 'sourceNode': '617629'}, {'targetNode': '460466', 'numOfPeople': 186, 'sourceNode': '780789'}, {'targetNode': '401405', 'numOfPeople': 717, 'sourceNode': '780789'}, {'targetNode': '690698', 'numOfPeople': 468, 'sourceNode': '999001'}, {'targetNode': '401405', 'numOfPeople': 2416, 'sourceNode': '640649'}, {'targetNode': '560569', 'numOfPeople': 132, 'sourceNode': '617629'}, {'targetNode': '640649', 'numOfPeople': 294, 'sourceNode': '780789'}, {'targetNode': '401405', 'numOfPeople': 169, 'sourceNode': '614616'}, {'targetNode': '617629', 'numOfPeople': 2420, 'sourceNode': '999001'}, {'targetNode': '555558', 'numOfPeople': 149, 'sourceNode': '460466'}, {'targetNode': '249259', 'numOfPeople': 405, 'sourceNode': '999001'}, {'targetNode': '110118', 'numOfPeople': 157, 'sourceNode': '999001'}, {'targetNode': '401405', 'numOfPeople': 1694, 'sourceNode': '617629'}, {'targetNode': '401405', 'numOfPeople': 140, 'sourceNode': '210229'}, {'targetNode': '650659', 'numOfPeople': 956, 'sourceNode': '617629'}, {'targetNode': '617629', 'numOfPeople': 833, 'sourceNode': '460466'}, {'targetNode': '640649', 'numOfPeople': 297, 'sourceNode': '530539'}, {'targetNode': '640649', 'numOfPeople': 192, 'sourceNode': '614616'}, {'targetNode': '640649', 'numOfPeople': 275, 'sourceNode': '249259'}, {'targetNode': '640649', 'numOfPeople': 144, 'sourceNode': '690698'}, {'targetNode': '520529', 'numOfPeople': 235, 'sourceNode': '460466'}, {'targetNode': '614616', 'numOfPeople': 169, 'sourceNode': '780789'}, {'targetNode': '555558', 'numOfPeople': 215, 'sourceNode': '999001'}, {'targetNode': '401405', 'numOfPeople': 131, 'sourceNode': '630639'}, {'targetNode': '640649', 'numOfPeople': 556, 'sourceNode': '999001'}, {'targetNode': '690698', 'numOfPeople': 145, 'sourceNode': '617629'}, {'targetNode': '90099', 'numOfPeople': 121, 'sourceNode': '780789'}, {'targetNode': '401405', 'numOfPeople': 1524, 'sourceNode': '999001'}, {'targetNode': '560569', 'numOfPeople': 231, 'sourceNode': '999001'}, {'targetNode': '617629', 'numOfPeople': 448, 'sourceNode': '780789'}, {'targetNode': '630639', 'numOfPeople': 131, 'sourceNode': '999001'}, {'targetNode': '401405', 'numOfPeople': 1225, 'sourceNode': '460466'}, {'targetNode': '401405', 'numOfPeople': 364, 'sourceNode': '555558'}, {'targetNode': '690698', 'numOfPeople': 189, 'sourceNode': '460466'}, {'targetNode': '90099', 'numOfPeople': 131, 'sourceNode': '617629'}, {'targetNode': '690698', 'numOfPeople': 145, 'sourceNode': '780789'}, {'targetNode': '617629', 'numOfPeople': 332, 'sourceNode': '520529'}, {'targetNode': '650659', 'numOfPeople': 275, 'sourceNode': '640649'}, {'targetNode': '999999', 'numOfPeople': 473, 'sourceNode': '650659'}, {'targetNode': '90099', 'numOfPeople': 122, 'sourceNode': '460466'}, {'targetNode': '640649', 'numOfPeople': 396, 'sourceNode': '460466'}, {'targetNode': '560569', 'numOfPeople': 158, 'sourceNode': '460466'}, {'targetNode': '650659', 'numOfPeople': 163, 'sourceNode': '530539'}, {'targetNode': '520529', 'numOfPeople': 332, 'sourceNode': '999001'}, {'targetNode': '530539', 'numOfPeople': 297, 'sourceNode': '999001'}, {'targetNode': '401405', 'numOfPeople': 157, 'sourceNode': '110118'}, {'targetNode': '460466', 'numOfPeople': 3121, 'sourceNode': '999001'}, {'targetNode': '999999', 'numOfPeople': 1857, 'sourceNode': '401405'}, {'targetNode': '650659', 'numOfPeople': 550, 'sourceNode': '401405'}, {'targetNode': '999999', 'numOfPeople': 202, 'sourceNode': '640649'}, {'targetNode': '780789', 'numOfPeople': 2213, 'sourceNode': '999001'}, {'targetNode': '614616', 'numOfPeople': 192, 'sourceNode': '999001'}, {'targetNode': '401405', 'numOfPeople': 654, 'sourceNode': '560569'}], 'sufferDisease': ['401405', '617629'], 'distinctGene': ['617629', '530539', '249259', '401405'], 'keyPathway': [], 'importantNode': ['617629', '460466', '780789', '401405', '650659', '640649']}
INFO 2021-04-19 10:55:38,431 Kpa 4900 6088 exit
INFO 2021-04-19 10:55:38,432 views 4900 6088 complete step 6
INFO 2021-08-05 22:10:11,326 views 6200 8756 complete step 1
INFO 2021-08-05 22:10:11,432 views 6200 8756 complete step 2
INFO 2021-08-05 22:10:11,641 views 6200 8756 complete step 3
INFO 2021-08-05 22:10:11,660 views 6200 8756 complete step 4
INFO 2021-08-05 22:10:11,678 views 6200 8756 complete step 5
INFO 2021-08-05 22:10:11,724 Kpa 6200 8756 {'baseNetwork': [{'targetNode': '617629', 'numOfPeople': 280, 'sourceNode': '999001'}, {'targetNode': '690698', 'numOfPeople': 145, 'sourceNode': '617629'}, {'targetNode': '617629', 'numOfPeople': 110, 'sourceNode': '780789'}, {'targetNode': '401405', 'numOfPeople': 145, 'sourceNode': '690698'}, {'targetNode': '249259', 'numOfPeople': 130, 'sourceNode': '999001'}, {'targetNode': '401405', 'numOfPeople': 130, 'sourceNode': '249259'}, {'targetNode': '401405', 'numOfPeople': 135, 'sourceNode': '617629'}, {'targetNode': '640649', 'numOfPeople': 110, 'sourceNode': '617629'}, {'targetNode': '999999', 'numOfPeople': 96, 'sourceNode': '401405'}, {'targetNode': '650659', 'numOfPeople': 135, 'sourceNode': '401405'}, {'targetNode': '401405', 'numOfPeople': 110, 'sourceNode': '640649'}, {'targetNode': '780789', 'numOfPeople': 110, 'sourceNode': '999001'}, {'targetNode': '999999', 'numOfPeople': 32, 'sourceNode': '650659'}], 'sufferDisease': ['401405', '617629'], 'distinctGene': ['617629', '249259', '401405'], 'keyPathway': [], 'importantNode': ['617629', '401405', '780789']}
INFO 2021-08-05 22:10:11,724 Kpa 6200 8756 exit
INFO 2021-08-05 22:10:11,724 views 6200 8756 complete step 6
INFO 2021-08-11 22:16:48,727 views 4808 8880 complete step 1
INFO 2021-08-11 22:16:48,768 views 4808 8880 complete step 2
INFO 2021-08-11 22:16:49,228 views 4808 8880 complete step 3
INFO 2021-08-11 22:16:49,281 views 4808 8880 complete step 4
INFO 2021-08-11 22:16:49,283 views 4808 8880 complete step 5
INFO 2021-08-11 22:16:49,307 Kpa 4808 8880 {'baseNetwork': [{'targetNode': '617629', 'numOfPeople': 280, 'sourceNode': '999001'}, {'targetNode': '690698', 'numOfPeople': 145, 'sourceNode': '617629'}, {'targetNode': '617629', 'numOfPeople': 110, 'sourceNode': '780789'}, {'targetNode': '401405', 'numOfPeople': 145, 'sourceNode': '690698'}, {'targetNode': '249259', 'numOfPeople': 130, 'sourceNode': '999001'}, {'targetNode': '401405', 'numOfPeople': 130, 'sourceNode': '249259'}, {'targetNode': '401405', 'numOfPeople': 135, 'sourceNode': '617629'}, {'targetNode': '640649', 'numOfPeople': 110, 'sourceNode': '617629'}, {'targetNode': '999999', 'numOfPeople': 96, 'sourceNode': '401405'}, {'targetNode': '650659', 'numOfPeople': 135, 'sourceNode': '401405'}, {'targetNode': '401405', 'numOfPeople': 110, 'sourceNode': '640649'}, {'targetNode': '780789', 'numOfPeople': 110, 'sourceNode': '999001'}, {'targetNode': '999999', 'numOfPeople': 32, 'sourceNode': '650659'}], 'sufferDisease': ['401405', '617629'], 'distinctGene': ['617629', '249259', '401405'], 'keyPathway': [], 'importantNode': ['617629', '401405', '780789']}
INFO 2021-08-11 22:16:49,307 Kpa 4808 8880 exit
INFO 2021-08-11 22:16:49,308 views 4808 8880 complete step 6
INFO 2021-08-11 22:17:15,242 views 4808 8880 complete step 1
INFO 2021-08-11 22:17:15,248 views 4808 8880 complete step 2
INFO 2021-08-11 22:17:15,251 views 4808 8880 complete step 3
INFO 2021-08-11 22:17:15,254 views 4808 8880 complete step 4
INFO 2021-08-11 22:17:15,255 views 4808 8880 complete step 5
INFO 2021-08-11 22:17:15,258 Kpa 4808 8880 {'baseNetwork': [{'targetNode': '617629', 'numOfPeople': 280, 'sourceNode': '999001'}, {'targetNode': '690698', 'numOfPeople': 145, 'sourceNode': '617629'}, {'targetNode': '617629', 'numOfPeople': 110, 'sourceNode': '780789'}, {'targetNode': '401405', 'numOfPeople': 145, 'sourceNode': '690698'}, {'targetNode': '249259', 'numOfPeople': 130, 'sourceNode': '999001'}, {'targetNode': '401405', 'numOfPeople': 130, 'sourceNode': '249259'}, {'targetNode': '401405', 'numOfPeople': 135, 'sourceNode': '617629'}, {'targetNode': '640649', 'numOfPeople': 110, 'sourceNode': '617629'}, {'targetNode': '999999', 'numOfPeople': 96, 'sourceNode': '401405'}, {'targetNode': '650659', 'numOfPeople': 135, 'sourceNode': '401405'}, {'targetNode': '401405', 'numOfPeople': 110, 'sourceNode': '640649'}, {'targetNode': '780789', 'numOfPeople': 110, 'sourceNode': '999001'}, {'targetNode': '999999', 'numOfPeople': 32, 'sourceNode': '650659'}], 'sufferDisease': ['401405', '617629'], 'distinctGene': ['617629', '249259', '401405'], 'keyPathway': [], 'importantNode': ['617629', '401405', '780789']}
INFO 2021-08-11 22:17:15,259 Kpa 4808 8880 exit
INFO 2021-08-11 22:17:15,259 views 4808 8880 complete step 6
INFO 2021-08-11 22:17:32,710 views 4808 7876 complete step 1
INFO 2021-08-11 22:17:32,717 views 4808 7876 complete step 2
INFO 2021-08-11 22:17:32,723 views 4808 7876 complete step 3
INFO 2021-08-11 22:17:32,726 views 4808 7876 complete step 4
INFO 2021-08-11 22:17:32,727 views 4808 7876 complete step 5
INFO 2021-08-11 22:17:32,731 Kpa 4808 7876 {'baseNetwork': [{'targetNode': '617629', 'numOfPeople': 280, 'sourceNode': '999001'}, {'targetNode': '690698', 'numOfPeople': 145, 'sourceNode': '617629'}, {'targetNode': '617629', 'numOfPeople': 110, 'sourceNode': '780789'}, {'targetNode': '401405', 'numOfPeople': 145, 'sourceNode': '690698'}, {'targetNode': '249259', 'numOfPeople': 130, 'sourceNode': '999001'}, {'targetNode': '401405', 'numOfPeople': 130, 'sourceNode': '249259'}, {'targetNode': '401405', 'numOfPeople': 135, 'sourceNode': '617629'}, {'targetNode': '640649', 'numOfPeople': 110, 'sourceNode': '617629'}, {'targetNode': '999999', 'numOfPeople': 96, 'sourceNode': '401405'}, {'targetNode': '650659', 'numOfPeople': 135, 'sourceNode': '401405'}, {'targetNode': '401405', 'numOfPeople': 110, 'sourceNode': '640649'}, {'targetNode': '780789', 'numOfPeople': 110, 'sourceNode': '999001'}, {'targetNode': '999999', 'numOfPeople': 32, 'sourceNode': '650659'}], 'sufferDisease': ['401405', '617629'], 'distinctGene': ['617629', '249259', '401405'], 'keyPathway': [], 'importantNode': ['617629', '401405', '780789']}
INFO 2021-08-11 22:17:32,731 Kpa 4808 7876 exit
INFO 2021-08-11 22:17:32,731 views 4808 7876 complete step 6
INFO 2021-08-11 23:17:59,071 views 3208 9144 complete step 1
INFO 2021-08-11 23:17:59,079 views 3208 9144 complete step 2
INFO 2021-08-11 23:17:59,180 views 3208 9144 complete step 3
INFO 2021-08-11 23:17:59,183 views 3208 9144 complete step 4
INFO 2021-08-11 23:17:59,184 views 3208 9144 complete step 5
INFO 2021-08-11 23:17:59,187 Kpa 3208 9144 {'baseNetwork': [{'targetNode': '617629', 'numOfPeople': 280, 'sourceNode': '999001'}, {'targetNode': '690698', 'numOfPeople': 145, 'sourceNode': '617629'}, {'targetNode': '617629', 'numOfPeople': 110, 'sourceNode': '780789'}, {'targetNode': '401405', 'numOfPeople': 145, 'sourceNode': '690698'}, {'targetNode': '249259', 'numOfPeople': 130, 'sourceNode': '999001'}, {'targetNode': '401405', 'numOfPeople': 130, 'sourceNode': '249259'}, {'targetNode': '401405', 'numOfPeople': 135, 'sourceNode': '617629'}, {'targetNode': '640649', 'numOfPeople': 110, 'sourceNode': '617629'}, {'targetNode': '999999', 'numOfPeople': 96, 'sourceNode': '401405'}, {'targetNode': '650659', 'numOfPeople': 135, 'sourceNode': '401405'}, {'targetNode': '401405', 'numOfPeople': 110, 'sourceNode': '640649'}, {'targetNode': '780789', 'numOfPeople': 110, 'sourceNode': '999001'}, {'targetNode': '999999', 'numOfPeople': 32, 'sourceNode': '650659'}], 'sufferDisease': ['401405', '617629'], 'distinctGene': ['617629', '249259', '401405'], 'keyPathway': [], 'importantNode': ['617629', '401405', '780789']}
INFO 2021-08-11 23:17:59,187 Kpa 3208 9144 exit
INFO 2021-08-11 23:17:59,187 views 3208 9144 complete step 6
INFO 2021-08-11 23:18:03,173 views 3208 9144 complete step 1
INFO 2021-08-11 23:18:03,186 views 3208 9144 complete step 2
INFO 2021-08-11 23:18:03,190 views 3208 9144 complete step 3
INFO 2021-08-11 23:18:03,193 views 3208 9144 complete step 4
INFO 2021-08-11 23:18:03,206 views 3208 9144 complete step 5
INFO 2021-08-11 23:18:03,210 Kpa 3208 9144 {'baseNetwork': [{'targetNode': '617629', 'numOfPeople': 412, 'sourceNode': '999001'}, {'targetNode': '560569', 'numOfPeople': 133, 'sourceNode': '780789'}, {'targetNode': '690698', 'numOfPeople': 145, 'sourceNode': '617629'}, {'targetNode': '90099', 'numOfPeople': 121, 'sourceNode': '780789'}, {'targetNode': '650659', 'numOfPeople': 121, 'sourceNode': '90099'}, {'targetNode': '401405', 'numOfPeople': 250, 'sourceNode': '999001'}, {'targetNode': '617629', 'numOfPeople': 231, 'sourceNode': '780789'}, {'targetNode': '401405', 'numOfPeople': 479, 'sourceNode': '690698'}, {'targetNode': '249259', 'numOfPeople': 130, 'sourceNode': '999001'}, {'targetNode': '690698', 'numOfPeople': 189, 'sourceNode': '460466'}, {'targetNode': '401405', 'numOfPeople': 130, 'sourceNode': '249259'}, {'targetNode': '401405', 'numOfPeople': 135, 'sourceNode': '617629'}, {'targetNode': '650659', 'numOfPeople': 121, 'sourceNode': '617629'}, {'targetNode': '640649', 'numOfPeople': 231, 'sourceNode': '617629'}, {'targetNode': '460466', 'numOfPeople': 189, 'sourceNode': '999001'}, {'targetNode': '999999', 'numOfPeople': 222, 'sourceNode': '401405'}, {'targetNode': '690698', 'numOfPeople': 145, 'sourceNode': '780789'}, {'targetNode': '650659', 'numOfPeople': 385, 'sourceNode': '401405'}, {'targetNode': '999999', 'numOfPeople': 27, 'sourceNode': '640649'}, {'targetNode': '401405', 'numOfPeople': 110, 'sourceNode': '640649'}, {'targetNode': '780789', 'numOfPeople': 630, 'sourceNode': '999001'}, {'targetNode': '560569', 'numOfPeople': 132, 'sourceNode': '617629'}, {'targetNode': '401405', 'numOfPeople': 265, 'sourceNode': '560569'}, {'targetNode': '999999', 'numOfPeople': 137, 'sourceNode': '650659'}], 'sufferDisease': ['401405', '617629'], 'distinctGene': ['617629', '249259', '401405'], 'keyPathway': [], 'importantNode': ['780789', '617629', '401405', '650659']}
INFO 2021-08-11 23:18:03,210 Kpa 3208 9144 exit
INFO 2021-08-11 23:18:03,210 views 3208 9144 complete step 6
INFO 2021-08-11 23:18:05,748 views 3208 9144 complete step 1
INFO 2021-08-11 23:18:05,758 views 3208 9144 complete step 2
INFO 2021-08-11 23:18:05,761 views 3208 9144 complete step 3
INFO 2021-08-11 23:18:05,764 views 3208 9144 complete step 4
INFO 2021-08-11 23:18:06,014 views 3208 9144 complete step 5
INFO 2021-08-11 23:18:06,020 Kpa 3208 9144 {'baseNetwork': [{'targetNode': '560569', 'numOfPeople': 133, 'sourceNode': '780789'}, {'targetNode': '650659', 'numOfPeople': 551, 'sourceNode': '90099'}, {'targetNode': '401405', 'numOfPeople': 803, 'sourceNode': '690698'}, {'targetNode': '90099', 'numOfPeople': 177, 'sourceNode': '999001'}, {'targetNode': '401405', 'numOfPeople': 130, 'sourceNode': '249259'}, {'targetNode': '210229', 'numOfPeople': 140, 'sourceNode': '999001'}, {'targetNode': '401405', 'numOfPeople': 235, 'sourceNode': '520529'}, {'targetNode': '640649', 'numOfPeople': 1931, 'sourceNode': '617629'}, {'targetNode': '460466', 'numOfPeople': 186, 'sourceNode': '780789'}, {'targetNode': '401405', 'numOfPeople': 717, 'sourceNode': '780789'}, {'targetNode': '690698', 'numOfPeople': 468, 'sourceNode': '999001'}, {'targetNode': '401405', 'numOfPeople': 2416, 'sourceNode': '640649'}, {'targetNode': '560569', 'numOfPeople': 132, 'sourceNode': '617629'}, {'targetNode': '640649', 'numOfPeople': 294, 'sourceNode': '780789'}, {'targetNode': '401405', 'numOfPeople': 169, 'sourceNode': '614616'}, {'targetNode': '617629', 'numOfPeople': 2420, 'sourceNode': '999001'}, {'targetNode': '555558', 'numOfPeople': 149, 'sourceNode': '460466'}, {'targetNode': '249259', 'numOfPeople': 405, 'sourceNode': '999001'}, {'targetNode': '110118', 'numOfPeople': 157, 'sourceNode': '999001'}, {'targetNode': '401405', 'numOfPeople': 1694, 'sourceNode': '617629'}, {'targetNode': '401405', 'numOfPeople': 140, 'sourceNode': '210229'}, {'targetNode': '650659', 'numOfPeople': 956, 'sourceNode': '617629'}, {'targetNode': '617629', 'numOfPeople': 833, 'sourceNode': '460466'}, {'targetNode': '640649', 'numOfPeople': 297, 'sourceNode': '530539'}, {'targetNode': '640649', 'numOfPeople': 192, 'sourceNode': '614616'}, {'targetNode': '640649', 'numOfPeople': 275, 'sourceNode': '249259'}, {'targetNode': '640649', 'numOfPeople': 144, 'sourceNode': '690698'}, {'targetNode': '520529', 'numOfPeople': 235, 'sourceNode': '460466'}, {'targetNode': '614616', 'numOfPeople': 169, 'sourceNode': '780789'}, {'targetNode': '555558', 'numOfPeople': 215, 'sourceNode': '999001'}, {'targetNode': '401405', 'numOfPeople': 131, 'sourceNode': '630639'}, {'targetNode': '640649', 'numOfPeople': 556, 'sourceNode': '999001'}, {'targetNode': '690698', 'numOfPeople': 145, 'sourceNode': '617629'}, {'targetNode': '90099', 'numOfPeople': 121, 'sourceNode': '780789'}, {'targetNode': '401405', 'numOfPeople': 1524, 'sourceNode': '999001'}, {'targetNode': '560569', 'numOfPeople': 231, 'sourceNode': '999001'}, {'targetNode': '617629', 'numOfPeople': 448, 'sourceNode': '780789'}, {'targetNode': '630639', 'numOfPeople': 131, 'sourceNode': '999001'}, {'targetNode': '401405', 'numOfPeople': 1225, 'sourceNode': '460466'}, {'targetNode': '401405', 'numOfPeople': 364, 'sourceNode': '555558'}, {'targetNode': '690698', 'numOfPeople': 189, 'sourceNode': '460466'}, {'targetNode': '90099', 'numOfPeople': 131, 'sourceNode': '617629'}, {'targetNode': '690698', 'numOfPeople': 145, 'sourceNode': '780789'}, {'targetNode': '617629', 'numOfPeople': 332, 'sourceNode': '520529'}, {'targetNode': '650659', 'numOfPeople': 275, 'sourceNode': '640649'}, {'targetNode': '999999', 'numOfPeople': 473, 'sourceNode': '650659'}, {'targetNode': '90099', 'numOfPeople': 122, 'sourceNode': '460466'}, {'targetNode': '640649', 'numOfPeople': 396, 'sourceNode': '460466'}, {'targetNode': '560569', 'numOfPeople': 158, 'sourceNode': '460466'}, {'targetNode': '650659', 'numOfPeople': 163, 'sourceNode': '530539'}, {'targetNode': '520529', 'numOfPeople': 332, 'sourceNode': '999001'}, {'targetNode': '530539', 'numOfPeople': 297, 'sourceNode': '999001'}, {'targetNode': '401405', 'numOfPeople': 157, 'sourceNode': '110118'}, {'targetNode': '460466', 'numOfPeople': 3121, 'sourceNode': '999001'}, {'targetNode': '999999', 'numOfPeople': 1857, 'sourceNode': '401405'}, {'targetNode': '650659', 'numOfPeople': 550, 'sourceNode': '401405'}, {'targetNode': '999999', 'numOfPeople': 202, 'sourceNode': '640649'}, {'targetNode': '780789', 'numOfPeople': 2213, 'sourceNode': '999001'}, {'targetNode': '614616', 'numOfPeople': 192, 'sourceNode': '999001'}, {'targetNode': '401405', 'numOfPeople': 654, 'sourceNode': '560569'}], 'sufferDisease': ['401405', '617629'], 'distinctGene': ['617629', '530539', '249259', '401405'], 'keyPathway': [], 'importantNode': ['617629', '460466', '780789', '401405', '650659', '640649']}
INFO 2021-08-11 23:18:06,021 Kpa 3208 9144 exit
INFO 2021-08-11 23:18:06,021 views 3208 9144 complete step 6
INFO 2021-08-11 23:18:09,652 views 3208 9144 complete step 1
INFO 2021-08-11 23:18:09,658 views 3208 9144 complete step 2
INFO 2021-08-11 23:18:09,662 views 3208 9144 complete step 3
INFO 2021-08-11 23:18:09,664 views 3208 9144 complete step 4
INFO 2021-08-11 23:18:09,665 views 3208 9144 complete step 5
INFO 2021-08-11 23:18:09,668 Kpa 3208 9144 {'baseNetwork': [{'targetNode': '420429', 'numOfPeople': 9949, 'sourceNode': '780789'}, {'targetNode': '999999', 'numOfPeople': 48170, 'sourceNode': '420429'}, {'targetNode': '420429', 'numOfPeople': 6973, 'sourceNode': '530539'}, {'targetNode': '530539', 'numOfPeople': 6973, 'sourceNode': '999001'}, {'targetNode': '725729', 'numOfPeople': 6125, 'sourceNode': '999001'}, {'targetNode': '420429', 'numOfPeople': 6153, 'sourceNode': '710719'}, {'targetNode': '420429', 'numOfPeople': 6125, 'sourceNode': '725729'}, {'targetNode': '720724', 'numOfPeople': 6005, 'sourceNode': '999001'}, {'targetNode': '460466', 'numOfPeople': 21331, 'sourceNode': '999001'}, {'targetNode': '710719', 'numOfPeople': 6153, 'sourceNode': '999001'}, {'targetNode': '420429', 'numOfPeople': 6005, 'sourceNode': '720724'}, {'targetNode': '999999', 'numOfPeople': 8894, 'sourceNode': '410414'}, {'targetNode': '410414', 'numOfPeople': 11229, 'sourceNode': '460466'}, {'targetNode': '420429', 'numOfPeople': 10102, 'sourceNode': '460466'}, {'targetNode': '420429', 'numOfPeople': 14413, 'sourceNode': '999001'}, {'targetNode': '780789', 'numOfPeople': 9949, 'sourceNode': '999001'}], 'sufferDisease': ['420429'], 'keyPathway': [], 'importantNode': ['460466', '420429']}
INFO 2021-08-11 23:18:09,668 Kpa 3208 9144 exit
INFO 2021-08-11 23:18:09,668 views 3208 9144 complete step 6
INFO 2021-08-11 23:18:22,494 views 3208 9144 complete step 1
INFO 2021-08-11 23:18:22,501 views 3208 9144 complete step 2
INFO 2021-08-11 23:18:22,503 views 3208 9144 complete step 3
INFO 2021-08-11 23:18:22,506 views 3208 9144 complete step 4
INFO 2021-08-11 23:18:22,510 views 3208 9144 complete step 5
INFO 2021-08-11 23:18:22,515 Kpa 3208 9144 {'baseNetwork': [{'targetNode': '420429', 'numOfPeople': 9949, 'sourceNode': '780789'}, {'targetNode': '410414', 'numOfPeople': 8650, 'sourceNode': '401405'}, {'targetNode': '410414', 'numOfPeople': 7151, 'sourceNode': '710719'}, {'targetNode': '401405', 'numOfPeople': 15691, 'sourceNode': '999001'}, {'targetNode': '420429', 'numOfPeople': 6995, 'sourceNode': '360379'}, {'targetNode': '410414', 'numOfPeople': 17856, 'sourceNode': '999001'}, {'targetNode': '410414', 'numOfPeople': 7910, 'sourceNode': '360379'}, {'targetNode': '420429', 'numOfPeople': 6787, 'sourceNode': '520529'}, {'targetNode': '999999', 'numOfPeople': 64964, 'sourceNode': '420429'}, {'targetNode': '520529', 'numOfPeople': 14249, 'sourceNode': '999001'}, {'targetNode': '420429', 'numOfPeople': 6973, 'sourceNode': '530539'}, {'targetNode': '530539', 'numOfPeople': 14842, 'sourceNode': '999001'}, {'targetNode': '725729', 'numOfPeople': 13054, 'sourceNode': '999001'}, {'targetNode': '420429', 'numOfPeople': 6153, 'sourceNode': '710719'}, {'targetNode': '270279', 'numOfPeople': 5529, 'sourceNode': '999001'}, {'targetNode': '410414', 'numOfPeople': 5529, 'sourceNode': '270279'}, {'targetNode': '410414', 'numOfPeople': 10976, 'sourceNode': '780789'}, {'targetNode': '420429', 'numOfPeople': 6125, 'sourceNode': '725729'}, {'targetNode': '720724', 'numOfPeople': 12953, 'sourceNode': '999001'}, {'targetNode': '420429', 'numOfPeople': 7041, 'sourceNode': '401405'}, {'targetNode': '410414', 'numOfPeople': 5276, 'sourceNode': '690698'}, {'targetNode': '460466', 'numOfPeople': 21331, 'sourceNode': '999001'}, {'targetNode': '710719', 'numOfPeople': 13304, 'sourceNode': '999001'}, {'targetNode': '420429', 'numOfPeople': 6005, 'sourceNode': '720724'}, {'targetNode': '999999', 'numOfPeople': 81449, 'sourceNode': '410414'}, {'targetNode': '410414', 'numOfPeople': 6948, 'sourceNode': '720724'}, {'targetNode': '690698', 'numOfPeople': 5276, 'sourceNode': '999001'}, {'targetNode': '410414', 'numOfPeople': 7462, 'sourceNode': '520529'}, {'targetNode': '410414', 'numOfPeople': 11229, 'sourceNode': '460466'}, {'targetNode': '420429', 'numOfPeople': 10102, 'sourceNode': '460466'}, {'targetNode': '420429', 'numOfPeople': 14413, 'sourceNode': '999001'}, {'targetNode': '780789', 'numOfPeople': 20925, 'sourceNode': '999001'}, {'targetNode': '360379', 'numOfPeople': 14905, 'sourceNode': '999001'}, {'targetNode': '410414', 'numOfPeople': 6929, 'sourceNode': '725729'}, {'targetNode': '410414', 'numOfPeople': 7869, 'sourceNode': '530539'}], 'sufferDisease': ['401405', '420429'], 'keyPathway': [], 'importantNode': ['420429', '410414', '460466', '780789']}
INFO 2021-08-11 23:18:22,515 Kpa 3208 9144 exit
INFO 2021-08-11 23:18:22,515 views 3208 9144 complete step 6
INFO 2021-08-11 23:20:12,287 views 3208 364 complete step 1
INFO 2021-08-11 23:20:12,312 views 3208 364 complete step 2
INFO 2021-08-11 23:20:12,477 views 3208 364 complete step 3
INFO 2021-08-11 23:20:12,483 views 3208 364 complete step 4
INFO 2021-08-11 23:20:12,488 views 3208 364 complete step 5
INFO 2021-08-11 23:20:12,493 Kpa 3208 364 {'baseNetwork': [{'targetNode': '617629', 'numOfPeople': 280, 'sourceNode': '999001'}, {'targetNode': '690698', 'numOfPeople': 145, 'sourceNode': '617629'}, {'targetNode': '617629', 'numOfPeople': 110, 'sourceNode': '780789'}, {'targetNode': '401405', 'numOfPeople': 145, 'sourceNode': '690698'}, {'targetNode': '249259', 'numOfPeople': 130, 'sourceNode': '999001'}, {'targetNode': '401405', 'numOfPeople': 130, 'sourceNode': '249259'}, {'targetNode': '401405', 'numOfPeople': 135, 'sourceNode': '617629'}, {'targetNode': '640649', 'numOfPeople': 110, 'sourceNode': '617629'}, {'targetNode': '999999', 'numOfPeople': 96, 'sourceNode': '401405'}, {'targetNode': '650659', 'numOfPeople': 135, 'sourceNode': '401405'}, {'targetNode': '401405', 'numOfPeople': 110, 'sourceNode': '640649'}, {'targetNode': '780789', 'numOfPeople': 110, 'sourceNode': '999001'}, {'targetNode': '999999', 'numOfPeople': 32, 'sourceNode': '650659'}], 'sufferDisease': ['401405', '617629'], 'distinctGene': ['617629', '249259', '401405'], 'keyPathway': [], 'importantNode': ['617629', '401405', '780789']}
INFO 2021-08-11 23:20:12,493 Kpa 3208 364 exit
INFO 2021-08-11 23:20:12,493 views 3208 364 complete step 6
INFO 2021-08-11 23:20:15,142 views 3208 364 complete step 1
INFO 2021-08-11 23:20:15,146 views 3208 364 complete step 2
INFO 2021-08-11 23:20:15,149 views 3208 364 complete step 3
INFO 2021-08-11 23:20:15,151 views 3208 364 complete step 4
INFO 2021-08-11 23:20:15,152 views 3208 364 complete step 5
INFO 2021-08-11 23:20:15,154 Kpa 3208 364 {'baseNetwork': [{'targetNode': '420429', 'numOfPeople': 9949, 'sourceNode': '780789'}, {'targetNode': '999999', 'numOfPeople': 48170, 'sourceNode': '420429'}, {'targetNode': '420429', 'numOfPeople': 6973, 'sourceNode': '530539'}, {'targetNode': '530539', 'numOfPeople': 6973, 'sourceNode': '999001'}, {'targetNode': '725729', 'numOfPeople': 6125, 'sourceNode': '999001'}, {'targetNode': '420429', 'numOfPeople': 6153, 'sourceNode': '710719'}, {'targetNode': '420429', 'numOfPeople': 6125, 'sourceNode': '725729'}, {'targetNode': '720724', 'numOfPeople': 6005, 'sourceNode': '999001'}, {'targetNode': '460466', 'numOfPeople': 21331, 'sourceNode': '999001'}, {'targetNode': '710719', 'numOfPeople': 6153, 'sourceNode': '999001'}, {'targetNode': '420429', 'numOfPeople': 6005, 'sourceNode': '720724'}, {'targetNode': '999999', 'numOfPeople': 8894, 'sourceNode': '410414'}, {'targetNode': '410414', 'numOfPeople': 11229, 'sourceNode': '460466'}, {'targetNode': '420429', 'numOfPeople': 10102, 'sourceNode': '460466'}, {'targetNode': '420429', 'numOfPeople': 14413, 'sourceNode': '999001'}, {'targetNode': '780789', 'numOfPeople': 9949, 'sourceNode': '999001'}], 'sufferDisease': ['420429'], 'distinctGene': [], 'keyPathway': [], 'importantNode': ['460466', '420429']}
INFO 2021-08-11 23:20:15,155 Kpa 3208 364 exit
INFO 2021-08-11 23:20:15,155 views 3208 364 complete step 6
INFO 2021-08-11 23:20:27,078 views 3208 364 complete step 1
INFO 2021-08-11 23:20:27,084 views 3208 364 complete step 2
INFO 2021-08-11 23:20:27,087 views 3208 364 complete step 3
INFO 2021-08-11 23:20:27,089 views 3208 364 complete step 4
INFO 2021-08-11 23:20:27,098 views 3208 364 complete step 5
INFO 2021-08-11 23:20:27,105 Kpa 3208 364 {'baseNetwork': [{'targetNode': '420429', 'numOfPeople': 9949, 'sourceNode': '780789'}, {'targetNode': '410414', 'numOfPeople': 8650, 'sourceNode': '401405'}, {'targetNode': '410414', 'numOfPeople': 7151, 'sourceNode': '710719'}, {'targetNode': '401405', 'numOfPeople': 15691, 'sourceNode': '999001'}, {'targetNode': '420429', 'numOfPeople': 6995, 'sourceNode': '360379'}, {'targetNode': '410414', 'numOfPeople': 17856, 'sourceNode': '999001'}, {'targetNode': '410414', 'numOfPeople': 7910, 'sourceNode': '360379'}, {'targetNode': '420429', 'numOfPeople': 6787, 'sourceNode': '520529'}, {'targetNode': '999999', 'numOfPeople': 64964, 'sourceNode': '420429'}, {'targetNode': '520529', 'numOfPeople': 14249, 'sourceNode': '999001'}, {'targetNode': '420429', 'numOfPeople': 6973, 'sourceNode': '530539'}, {'targetNode': '530539', 'numOfPeople': 14842, 'sourceNode': '999001'}, {'targetNode': '725729', 'numOfPeople': 13054, 'sourceNode': '999001'}, {'targetNode': '420429', 'numOfPeople': 6153, 'sourceNode': '710719'}, {'targetNode': '270279', 'numOfPeople': 5529, 'sourceNode': '999001'}, {'targetNode': '410414', 'numOfPeople': 5529, 'sourceNode': '270279'}, {'targetNode': '410414', 'numOfPeople': 10976, 'sourceNode': '780789'}, {'targetNode': '420429', 'numOfPeople': 6125, 'sourceNode': '725729'}, {'targetNode': '720724', 'numOfPeople': 12953, 'sourceNode': '999001'}, {'targetNode': '420429', 'numOfPeople': 7041, 'sourceNode': '401405'}, {'targetNode': '410414', 'numOfPeople': 5276, 'sourceNode': '690698'}, {'targetNode': '460466', 'numOfPeople': 21331, 'sourceNode': '999001'}, {'targetNode': '710719', 'numOfPeople': 13304, 'sourceNode': '999001'}, {'targetNode': '420429', 'numOfPeople': 6005, 'sourceNode': '720724'}, {'targetNode': '999999', 'numOfPeople': 81449, 'sourceNode': '410414'}, {'targetNode': '410414', 'numOfPeople': 6948, 'sourceNode': '720724'}, {'targetNode': '690698', 'numOfPeople': 5276, 'sourceNode': '999001'}, {'targetNode': '410414', 'numOfPeople': 7462, 'sourceNode': '520529'}, {'targetNode': '410414', 'numOfPeople': 11229, 'sourceNode': '460466'}, {'targetNode': '420429', 'numOfPeople': 10102, 'sourceNode': '460466'}, {'targetNode': '420429', 'numOfPeople': 14413, 'sourceNode': '999001'}, {'targetNode': '780789', 'numOfPeople': 20925, 'sourceNode': '999001'}, {'targetNode': '360379', 'numOfPeople': 14905, 'sourceNode': '999001'}, {'targetNode': '410414', 'numOfPeople': 6929, 'sourceNode': '725729'}, {'targetNode': '410414', 'numOfPeople': 7869, 'sourceNode': '530539'}], 'sufferDisease': ['401405', '420429'], 'distinctGene': [], 'keyPathway': [], 'importantNode': ['420429', '410414', '460466', '780789']}
INFO 2021-08-11 23:20:27,106 Kpa 3208 364 exit
INFO 2021-08-11 23:20:27,106 views 3208 364 complete step 6
INFO 2021-08-11 23:22:06,233 views 3208 7204 complete step 1
INFO 2021-08-11 23:22:06,244 views 3208 7204 complete step 2
INFO 2021-08-11 23:22:06,247 views 3208 7204 complete step 3
INFO 2021-08-11 23:22:06,250 views 3208 7204 complete step 4
INFO 2021-08-11 23:22:06,252 views 3208 7204 complete step 5
INFO 2021-08-11 23:22:06,260 Kpa 3208 7204 {'baseNetwork': [{'targetNode': '617629', 'numOfPeople': 280, 'sourceNode': '999001'}, {'targetNode': '690698', 'numOfPeople': 145, 'sourceNode': '617629'}, {'targetNode': '617629', 'numOfPeople': 110, 'sourceNode': '780789'}, {'targetNode': '401405', 'numOfPeople': 145, 'sourceNode': '690698'}, {'targetNode': '249259', 'numOfPeople': 130, 'sourceNode': '999001'}, {'targetNode': '401405', 'numOfPeople': 130, 'sourceNode': '249259'}, {'targetNode': '401405', 'numOfPeople': 135, 'sourceNode': '617629'}, {'targetNode': '640649', 'numOfPeople': 110, 'sourceNode': '617629'}, {'targetNode': '999999', 'numOfPeople': 96, 'sourceNode': '401405'}, {'targetNode': '650659', 'numOfPeople': 135, 'sourceNode': '401405'}, {'targetNode': '401405', 'numOfPeople': 110, 'sourceNode': '640649'}, {'targetNode': '780789', 'numOfPeople': 110, 'sourceNode': '999001'}, {'targetNode': '999999', 'numOfPeople': 32, 'sourceNode': '650659'}], 'sufferDisease': ['401405', '617629'], 'distinctGene': ['617629', '249259', '401405'], 'keyPathway': [], 'importantNode': ['617629', '401405', '780789']}
INFO 2021-08-11 23:22:06,260 Kpa 3208 7204 exit
INFO 2021-08-11 23:22:06,260 views 3208 7204 complete step 6
INFO 2021-08-11 23:22:13,631 views 3208 7204 complete step 1
INFO 2021-08-11 23:22:13,657 views 3208 7204 complete step 2
INFO 2021-08-11 23:22:13,664 views 3208 7204 complete step 3
INFO 2021-08-11 23:22:13,668 views 3208 7204 complete step 4
INFO 2021-08-11 23:22:13,690 views 3208 7204 complete step 5
INFO 2021-08-11 23:22:13,697 Kpa 3208 7204 {'baseNetwork': [{'targetNode': '617629', 'numOfPeople': 412, 'sourceNode': '999001'}, {'targetNode': '560569', 'numOfPeople': 133, 'sourceNode': '780789'}, {'targetNode': '690698', 'numOfPeople': 145, 'sourceNode': '617629'}, {'targetNode': '90099', 'numOfPeople': 121, 'sourceNode': '780789'}, {'targetNode': '650659', 'numOfPeople': 121, 'sourceNode': '90099'}, {'targetNode': '401405', 'numOfPeople': 250, 'sourceNode': '999001'}, {'targetNode': '617629', 'numOfPeople': 231, 'sourceNode': '780789'}, {'targetNode': '401405', 'numOfPeople': 479, 'sourceNode': '690698'}, {'targetNode': '249259', 'numOfPeople': 130, 'sourceNode': '999001'}, {'targetNode': '690698', 'numOfPeople': 189, 'sourceNode': '460466'}, {'targetNode': '401405', 'numOfPeople': 130, 'sourceNode': '249259'}, {'targetNode': '401405', 'numOfPeople': 135, 'sourceNode': '617629'}, {'targetNode': '650659', 'numOfPeople': 121, 'sourceNode': '617629'}, {'targetNode': '640649', 'numOfPeople': 231, 'sourceNode': '617629'}, {'targetNode': '460466', 'numOfPeople': 189, 'sourceNode': '999001'}, {'targetNode': '999999', 'numOfPeople': 222, 'sourceNode': '401405'}, {'targetNode': '690698', 'numOfPeople': 145, 'sourceNode': '780789'}, {'targetNode': '650659', 'numOfPeople': 385, 'sourceNode': '401405'}, {'targetNode': '999999', 'numOfPeople': 27, 'sourceNode': '640649'}, {'targetNode': '401405', 'numOfPeople': 110, 'sourceNode': '640649'}, {'targetNode': '780789', 'numOfPeople': 630, 'sourceNode': '999001'}, {'targetNode': '560569', 'numOfPeople': 132, 'sourceNode': '617629'}, {'targetNode': '401405', 'numOfPeople': 265, 'sourceNode': '560569'}, {'targetNode': '999999', 'numOfPeople': 137, 'sourceNode': '650659'}], 'sufferDisease': ['401405', '617629'], 'distinctGene': ['617629', '249259', '401405'], 'keyPathway': [], 'importantNode': ['780789', '617629', '401405', '650659']}
INFO 2021-08-11 23:22:13,698 Kpa 3208 7204 exit
INFO 2021-08-11 23:22:13,698 views 3208 7204 complete step 6
INFO 2021-08-11 23:22:21,167 views 3208 7204 complete step 1
INFO 2021-08-11 23:22:21,191 views 3208 7204 complete step 2
INFO 2021-08-11 23:22:21,196 views 3208 7204 complete step 3
INFO 2021-08-11 23:22:21,212 views 3208 7204 complete step 4
INFO 2021-08-11 23:22:21,787 views 3208 7204 complete step 5
INFO 2021-08-11 23:22:21,806 Kpa 3208 7204 {'baseNetwork': [{'targetNode': '560569', 'numOfPeople': 133, 'sourceNode': '780789'}, {'targetNode': '650659', 'numOfPeople': 551, 'sourceNode': '90099'}, {'targetNode': '401405', 'numOfPeople': 803, 'sourceNode': '690698'}, {'targetNode': '90099', 'numOfPeople': 177, 'sourceNode': '999001'}, {'targetNode': '401405', 'numOfPeople': 130, 'sourceNode': '249259'}, {'targetNode': '210229', 'numOfPeople': 140, 'sourceNode': '999001'}, {'targetNode': '401405', 'numOfPeople': 235, 'sourceNode': '520529'}, {'targetNode': '640649', 'numOfPeople': 1931, 'sourceNode': '617629'}, {'targetNode': '460466', 'numOfPeople': 186, 'sourceNode': '780789'}, {'targetNode': '401405', 'numOfPeople': 717, 'sourceNode': '780789'}, {'targetNode': '690698', 'numOfPeople': 468, 'sourceNode': '999001'}, {'targetNode': '401405', 'numOfPeople': 2416, 'sourceNode': '640649'}, {'targetNode': '560569', 'numOfPeople': 132, 'sourceNode': '617629'}, {'targetNode': '640649', 'numOfPeople': 294, 'sourceNode': '780789'}, {'targetNode': '401405', 'numOfPeople': 169, 'sourceNode': '614616'}, {'targetNode': '617629', 'numOfPeople': 2420, 'sourceNode': '999001'}, {'targetNode': '555558', 'numOfPeople': 149, 'sourceNode': '460466'}, {'targetNode': '249259', 'numOfPeople': 405, 'sourceNode': '999001'}, {'targetNode': '110118', 'numOfPeople': 157, 'sourceNode': '999001'}, {'targetNode': '401405', 'numOfPeople': 1694, 'sourceNode': '617629'}, {'targetNode': '401405', 'numOfPeople': 140, 'sourceNode': '210229'}, {'targetNode': '650659', 'numOfPeople': 956, 'sourceNode': '617629'}, {'targetNode': '617629', 'numOfPeople': 833, 'sourceNode': '460466'}, {'targetNode': '640649', 'numOfPeople': 297, 'sourceNode': '530539'}, {'targetNode': '640649', 'numOfPeople': 192, 'sourceNode': '614616'}, {'targetNode': '640649', 'numOfPeople': 275, 'sourceNode': '249259'}, {'targetNode': '640649', 'numOfPeople': 144, 'sourceNode': '690698'}, {'targetNode': '520529', 'numOfPeople': 235, 'sourceNode': '460466'}, {'targetNode': '614616', 'numOfPeople': 169, 'sourceNode': '780789'}, {'targetNode': '555558', 'numOfPeople': 215, 'sourceNode': '999001'}, {'targetNode': '401405', 'numOfPeople': 131, 'sourceNode': '630639'}, {'targetNode': '640649', 'numOfPeople': 556, 'sourceNode': '999001'}, {'targetNode': '690698', 'numOfPeople': 145, 'sourceNode': '617629'}, {'targetNode': '90099', 'numOfPeople': 121, 'sourceNode': '780789'}, {'targetNode': '401405', 'numOfPeople': 1524, 'sourceNode': '999001'}, {'targetNode': '560569', 'numOfPeople': 231, 'sourceNode': '999001'}, {'targetNode': '617629', 'numOfPeople': 448, 'sourceNode': '780789'}, {'targetNode': '630639', 'numOfPeople': 131, 'sourceNode': '999001'}, {'targetNode': '401405', 'numOfPeople': 1225, 'sourceNode': '460466'}, {'targetNode': '401405', 'numOfPeople': 364, 'sourceNode': '555558'}, {'targetNode': '690698', 'numOfPeople': 189, 'sourceNode': '460466'}, {'targetNode': '90099', 'numOfPeople': 131, 'sourceNode': '617629'}, {'targetNode': '690698', 'numOfPeople': 145, 'sourceNode': '780789'}, {'targetNode': '617629', 'numOfPeople': 332, 'sourceNode': '520529'}, {'targetNode': '650659', 'numOfPeople': 275, 'sourceNode': '640649'}, {'targetNode': '999999', 'numOfPeople': 473, 'sourceNode': '650659'}, {'targetNode': '90099', 'numOfPeople': 122, 'sourceNode': '460466'}, {'targetNode': '640649', 'numOfPeople': 396, 'sourceNode': '460466'}, {'targetNode': '560569', 'numOfPeople': 158, 'sourceNode': '460466'}, {'targetNode': '650659', 'numOfPeople': 163, 'sourceNode': '530539'}, {'targetNode': '520529', 'numOfPeople': 332, 'sourceNode': '999001'}, {'targetNode': '530539', 'numOfPeople': 297, 'sourceNode': '999001'}, {'targetNode': '401405', 'numOfPeople': 157, 'sourceNode': '110118'}, {'targetNode': '460466', 'numOfPeople': 3121, 'sourceNode': '999001'}, {'targetNode': '999999', 'numOfPeople': 1857, 'sourceNode': '401405'}, {'targetNode': '650659', 'numOfPeople': 550, 'sourceNode': '401405'}, {'targetNode': '999999', 'numOfPeople': 202, 'sourceNode': '640649'}, {'targetNode': '780789', 'numOfPeople': 2213, 'sourceNode': '999001'}, {'targetNode': '614616', 'numOfPeople': 192, 'sourceNode': '999001'}, {'targetNode': '401405', 'numOfPeople': 654, 'sourceNode': '560569'}], 'sufferDisease': ['401405', '617629'], 'distinctGene': ['617629', '530539', '249259', '401405'], 'keyPathway': [], 'importantNode': ['617629', '460466', '780789', '401405', '650659', '640649']}
INFO 2021-08-11 23:22:21,806 Kpa 3208 7204 exit
INFO 2021-08-11 23:22:21,814 views 3208 7204 complete step 6
INFO 2021-08-11 23:22:30,189 views 3208 7204 complete step 1
INFO 2021-08-11 23:22:30,205 views 3208 7204 complete step 2
INFO 2021-08-11 23:22:30,208 views 3208 7204 complete step 3
INFO 2021-08-11 23:22:30,210 views 3208 7204 complete step 4
INFO 2021-08-11 23:22:30,211 views 3208 7204 complete step 5
INFO 2021-08-11 23:22:30,214 Kpa 3208 7204 {'baseNetwork': [{'targetNode': '420429', 'numOfPeople': 9949, 'sourceNode': '780789'}, {'targetNode': '999999', 'numOfPeople': 48170, 'sourceNode': '420429'}, {'targetNode': '420429', 'numOfPeople': 6973, 'sourceNode': '530539'}, {'targetNode': '530539', 'numOfPeople': 6973, 'sourceNode': '999001'}, {'targetNode': '725729', 'numOfPeople': 6125, 'sourceNode': '999001'}, {'targetNode': '420429', 'numOfPeople': 6153, 'sourceNode': '710719'}, {'targetNode': '420429', 'numOfPeople': 6125, 'sourceNode': '725729'}, {'targetNode': '720724', 'numOfPeople': 6005, 'sourceNode': '999001'}, {'targetNode': '460466', 'numOfPeople': 21331, 'sourceNode': '999001'}, {'targetNode': '710719', 'numOfPeople': 6153, 'sourceNode': '999001'}, {'targetNode': '420429', 'numOfPeople': 6005, 'sourceNode': '720724'}, {'targetNode': '999999', 'numOfPeople': 8894, 'sourceNode': '410414'}, {'targetNode': '410414', 'numOfPeople': 11229, 'sourceNode': '460466'}, {'targetNode': '420429', 'numOfPeople': 10102, 'sourceNode': '460466'}, {'targetNode': '420429', 'numOfPeople': 14413, 'sourceNode': '999001'}, {'targetNode': '780789', 'numOfPeople': 9949, 'sourceNode': '999001'}], 'sufferDisease': ['420429'], 'distinctGene': [], 'keyPathway': [], 'importantNode': ['460466', '420429']}
INFO 2021-08-11 23:22:30,215 Kpa 3208 7204 exit
INFO 2021-08-11 23:22:30,215 views 3208 7204 complete step 6
INFO 2021-08-11 23:22:37,846 views 3208 7204 complete step 1
INFO 2021-08-11 23:22:37,861 views 3208 7204 complete step 2
INFO 2021-08-11 23:22:37,865 views 3208 7204 complete step 3
INFO 2021-08-11 23:22:37,868 views 3208 7204 complete step 4
INFO 2021-08-11 23:22:37,872 views 3208 7204 complete step 5
INFO 2021-08-11 23:22:37,875 Kpa 3208 7204 {'baseNetwork': [{'targetNode': '420429', 'numOfPeople': 9949, 'sourceNode': '780789'}, {'targetNode': '410414', 'numOfPeople': 8650, 'sourceNode': '401405'}, {'targetNode': '410414', 'numOfPeople': 7151, 'sourceNode': '710719'}, {'targetNode': '401405', 'numOfPeople': 15691, 'sourceNode': '999001'}, {'targetNode': '420429', 'numOfPeople': 6995, 'sourceNode': '360379'}, {'targetNode': '410414', 'numOfPeople': 17856, 'sourceNode': '999001'}, {'targetNode': '410414', 'numOfPeople': 7910, 'sourceNode': '360379'}, {'targetNode': '420429', 'numOfPeople': 6787, 'sourceNode': '520529'}, {'targetNode': '999999', 'numOfPeople': 64964, 'sourceNode': '420429'}, {'targetNode': '520529', 'numOfPeople': 14249, 'sourceNode': '999001'}, {'targetNode': '420429', 'numOfPeople': 6973, 'sourceNode': '530539'}, {'targetNode': '530539', 'numOfPeople': 14842, 'sourceNode': '999001'}, {'targetNode': '725729', 'numOfPeople': 13054, 'sourceNode': '999001'}, {'targetNode': '420429', 'numOfPeople': 6153, 'sourceNode': '710719'}, {'targetNode': '270279', 'numOfPeople': 5529, 'sourceNode': '999001'}, {'targetNode': '410414', 'numOfPeople': 5529, 'sourceNode': '270279'}, {'targetNode': '410414', 'numOfPeople': 10976, 'sourceNode': '780789'}, {'targetNode': '420429', 'numOfPeople': 6125, 'sourceNode': '725729'}, {'targetNode': '720724', 'numOfPeople': 12953, 'sourceNode': '999001'}, {'targetNode': '420429', 'numOfPeople': 7041, 'sourceNode': '401405'}, {'targetNode': '410414', 'numOfPeople': 5276, 'sourceNode': '690698'}, {'targetNode': '460466', 'numOfPeople': 21331, 'sourceNode': '999001'}, {'targetNode': '710719', 'numOfPeople': 13304, 'sourceNode': '999001'}, {'targetNode': '420429', 'numOfPeople': 6005, 'sourceNode': '720724'}, {'targetNode': '999999', 'numOfPeople': 81449, 'sourceNode': '410414'}, {'targetNode': '410414', 'numOfPeople': 6948, 'sourceNode': '720724'}, {'targetNode': '690698', 'numOfPeople': 5276, 'sourceNode': '999001'}, {'targetNode': '410414', 'numOfPeople': 7462, 'sourceNode': '520529'}, {'targetNode': '410414', 'numOfPeople': 11229, 'sourceNode': '460466'}, {'targetNode': '420429', 'numOfPeople': 10102, 'sourceNode': '460466'}, {'targetNode': '420429', 'numOfPeople': 14413, 'sourceNode': '999001'}, {'targetNode': '780789', 'numOfPeople': 20925, 'sourceNode': '999001'}, {'targetNode': '360379', 'numOfPeople': 14905, 'sourceNode': '999001'}, {'targetNode': '410414', 'numOfPeople': 6929, 'sourceNode': '725729'}, {'targetNode': '410414', 'numOfPeople': 7869, 'sourceNode': '530539'}], 'sufferDisease': ['401405', '420429'], 'distinctGene': [], 'keyPathway': [], 'importantNode': ['420429', '410414', '460466', '780789']}
INFO 2021-08-11 23:22:37,876 Kpa 3208 7204 exit
INFO 2021-08-11 23:22:37,876 views 3208 7204 complete step 6
INFO 2021-08-11 23:23:03,163 views 3208 7204 complete step 1
INFO 2021-08-11 23:23:03,171 views 3208 7204 complete step 2
INFO 2021-08-11 23:23:03,180 views 3208 7204 complete step 3
INFO 2021-08-11 23:23:03,182 views 3208 7204 complete step 4
INFO 2021-08-11 23:23:03,183 views 3208 7204 complete step 5
INFO 2021-08-11 23:23:03,185 Kpa 3208 7204 {'baseNetwork': [{'targetNode': '420429', 'numOfPeople': 9949, 'sourceNode': '780789'}, {'targetNode': '999999', 'numOfPeople': 48170, 'sourceNode': '420429'}, {'targetNode': '420429', 'numOfPeople': 6973, 'sourceNode': '530539'}, {'targetNode': '530539', 'numOfPeople': 6973, 'sourceNode': '999001'}, {'targetNode': '725729', 'numOfPeople': 6125, 'sourceNode': '999001'}, {'targetNode': '420429', 'numOfPeople': 6153, 'sourceNode': '710719'}, {'targetNode': '420429', 'numOfPeople': 6125, 'sourceNode': '725729'}, {'targetNode': '720724', 'numOfPeople': 6005, 'sourceNode': '999001'}, {'targetNode': '460466', 'numOfPeople': 21331, 'sourceNode': '999001'}, {'targetNode': '710719', 'numOfPeople': 6153, 'sourceNode': '999001'}, {'targetNode': '420429', 'numOfPeople': 6005, 'sourceNode': '720724'}, {'targetNode': '999999', 'numOfPeople': 8894, 'sourceNode': '410414'}, {'targetNode': '410414', 'numOfPeople': 11229, 'sourceNode': '460466'}, {'targetNode': '420429', 'numOfPeople': 10102, 'sourceNode': '460466'}, {'targetNode': '420429', 'numOfPeople': 14413, 'sourceNode': '999001'}, {'targetNode': '780789', 'numOfPeople': 9949, 'sourceNode': '999001'}], 'sufferDisease': ['420429'], 'distinctGene': [], 'keyPathway': [], 'importantNode': ['460466', '420429']}
INFO 2021-08-11 23:23:03,185 Kpa 3208 7204 exit
INFO 2021-08-11 23:23:03,186 views 3208 7204 complete step 6
INFO 2021-08-11 23:23:09,479 views 3208 7204 complete step 1
INFO 2021-08-11 23:23:09,485 views 3208 7204 complete step 2
INFO 2021-08-11 23:23:09,496 views 3208 7204 complete step 3
INFO 2021-08-11 23:23:09,502 views 3208 7204 complete step 4
INFO 2021-08-11 23:23:09,507 views 3208 7204 complete step 5
INFO 2021-08-11 23:23:09,512 Kpa 3208 7204 {'baseNetwork': [{'targetNode': '420429', 'numOfPeople': 9949, 'sourceNode': '780789'}, {'targetNode': '410414', 'numOfPeople': 8650, 'sourceNode': '401405'}, {'targetNode': '410414', 'numOfPeople': 7151, 'sourceNode': '710719'}, {'targetNode': '401405', 'numOfPeople': 15691, 'sourceNode': '999001'}, {'targetNode': '420429', 'numOfPeople': 6995, 'sourceNode': '360379'}, {'targetNode': '410414', 'numOfPeople': 17856, 'sourceNode': '999001'}, {'targetNode': '410414', 'numOfPeople': 7910, 'sourceNode': '360379'}, {'targetNode': '420429', 'numOfPeople': 6787, 'sourceNode': '520529'}, {'targetNode': '999999', 'numOfPeople': 64964, 'sourceNode': '420429'}, {'targetNode': '520529', 'numOfPeople': 14249, 'sourceNode': '999001'}, {'targetNode': '420429', 'numOfPeople': 6973, 'sourceNode': '530539'}, {'targetNode': '530539', 'numOfPeople': 14842, 'sourceNode': '999001'}, {'targetNode': '725729', 'numOfPeople': 13054, 'sourceNode': '999001'}, {'targetNode': '420429', 'numOfPeople': 6153, 'sourceNode': '710719'}, {'targetNode': '270279', 'numOfPeople': 5529, 'sourceNode': '999001'}, {'targetNode': '410414', 'numOfPeople': 5529, 'sourceNode': '270279'}, {'targetNode': '410414', 'numOfPeople': 10976, 'sourceNode': '780789'}, {'targetNode': '420429', 'numOfPeople': 6125, 'sourceNode': '725729'}, {'targetNode': '720724', 'numOfPeople': 12953, 'sourceNode': '999001'}, {'targetNode': '420429', 'numOfPeople': 7041, 'sourceNode': '401405'}, {'targetNode': '410414', 'numOfPeople': 5276, 'sourceNode': '690698'}, {'targetNode': '460466', 'numOfPeople': 21331, 'sourceNode': '999001'}, {'targetNode': '710719', 'numOfPeople': 13304, 'sourceNode': '999001'}, {'targetNode': '420429', 'numOfPeople': 6005, 'sourceNode': '720724'}, {'targetNode': '999999', 'numOfPeople': 81449, 'sourceNode': '410414'}, {'targetNode': '410414', 'numOfPeople': 6948, 'sourceNode': '720724'}, {'targetNode': '690698', 'numOfPeople': 5276, 'sourceNode': '999001'}, {'targetNode': '410414', 'numOfPeople': 7462, 'sourceNode': '520529'}, {'targetNode': '410414', 'numOfPeople': 11229, 'sourceNode': '460466'}, {'targetNode': '420429', 'numOfPeople': 10102, 'sourceNode': '460466'}, {'targetNode': '420429', 'numOfPeople': 14413, 'sourceNode': '999001'}, {'targetNode': '780789', 'numOfPeople': 20925, 'sourceNode': '999001'}, {'targetNode': '360379', 'numOfPeople': 14905, 'sourceNode': '999001'}, {'targetNode': '410414', 'numOfPeople': 6929, 'sourceNode': '725729'}, {'targetNode': '410414', 'numOfPeople': 7869, 'sourceNode': '530539'}], 'sufferDisease': ['401405', '420429'], 'distinctGene': [], 'keyPathway': [], 'importantNode': ['420429', '410414', '460466', '780789']}
INFO 2021-08-11 23:23:09,512 Kpa 3208 7204 exit
INFO 2021-08-11 23:23:09,512 views 3208 7204 complete step 6
INFO 2021-08-18 01:29:31,638 views 8772 5364 complete step 1
INFO 2021-08-18 01:29:31,676 views 8772 5364 complete step 2
INFO 2021-08-18 01:29:31,708 views 8772 5364 complete step 3
INFO 2021-08-18 01:29:31,711 views 8772 5364 complete step 4
INFO 2021-08-18 01:29:31,712 views 8772 5364 complete step 5
INFO 2021-08-18 01:29:31,737 Kpa 8772 5364 {'baseNetwork': [{'targetNode': '617629', 'numOfPeople': 280, 'sourceNode': '999001'}, {'targetNode': '690698', 'numOfPeople': 145, 'sourceNode': '617629'}, {'targetNode': '617629', 'numOfPeople': 110, 'sourceNode': '780789'}, {'targetNode': '401405', 'numOfPeople': 145, 'sourceNode': '690698'}, {'targetNode': '249259', 'numOfPeople': 130, 'sourceNode': '999001'}, {'targetNode': '401405', 'numOfPeople': 130, 'sourceNode': '249259'}, {'targetNode': '401405', 'numOfPeople': 135, 'sourceNode': '617629'}, {'targetNode': '640649', 'numOfPeople': 110, 'sourceNode': '617629'}, {'targetNode': '999999', 'numOfPeople': 96, 'sourceNode': '401405'}, {'targetNode': '650659', 'numOfPeople': 135, 'sourceNode': '401405'}, {'targetNode': '401405', 'numOfPeople': 110, 'sourceNode': '640649'}, {'targetNode': '780789', 'numOfPeople': 110, 'sourceNode': '999001'}, {'targetNode': '999999', 'numOfPeople': 32, 'sourceNode': '650659'}], 'sufferDisease': ['401405', '617629'], 'distinctGene': ['617629', '249259', '401405'], 'keyPathway': [], 'importantNode': ['617629', '401405', '780789']}
INFO 2021-08-18 01:29:31,738 Kpa 8772 5364 exit
INFO 2021-08-18 01:29:31,738 views 8772 5364 complete step 6
INFO 2021-08-18 01:29:36,764 views 8772 5364 complete step 1
INFO 2021-08-18 01:29:36,770 views 8772 5364 complete step 2
INFO 2021-08-18 01:29:36,800 views 8772 5364 complete step 3
INFO 2021-08-18 01:29:36,802 views 8772 5364 complete step 4
INFO 2021-08-18 01:29:36,815 views 8772 5364 complete step 5
INFO 2021-08-18 01:29:36,829 Kpa 8772 5364 {'baseNetwork': [{'targetNode': '617629', 'numOfPeople': 412, 'sourceNode': '999001'}, {'targetNode': '560569', 'numOfPeople': 133, 'sourceNode': '780789'}, {'targetNode': '690698', 'numOfPeople': 145, 'sourceNode': '617629'}, {'targetNode': '90099', 'numOfPeople': 121, 'sourceNode': '780789'}, {'targetNode': '650659', 'numOfPeople': 121, 'sourceNode': '90099'}, {'targetNode': '401405', 'numOfPeople': 250, 'sourceNode': '999001'}, {'targetNode': '617629', 'numOfPeople': 231, 'sourceNode': '780789'}, {'targetNode': '401405', 'numOfPeople': 479, 'sourceNode': '690698'}, {'targetNode': '249259', 'numOfPeople': 130, 'sourceNode': '999001'}, {'targetNode': '690698', 'numOfPeople': 189, 'sourceNode': '460466'}, {'targetNode': '401405', 'numOfPeople': 130, 'sourceNode': '249259'}, {'targetNode': '401405', 'numOfPeople': 135, 'sourceNode': '617629'}, {'targetNode': '650659', 'numOfPeople': 121, 'sourceNode': '617629'}, {'targetNode': '640649', 'numOfPeople': 231, 'sourceNode': '617629'}, {'targetNode': '460466', 'numOfPeople': 189, 'sourceNode': '999001'}, {'targetNode': '999999', 'numOfPeople': 222, 'sourceNode': '401405'}, {'targetNode': '690698', 'numOfPeople': 145, 'sourceNode': '780789'}, {'targetNode': '650659', 'numOfPeople': 385, 'sourceNode': '401405'}, {'targetNode': '999999', 'numOfPeople': 27, 'sourceNode': '640649'}, {'targetNode': '401405', 'numOfPeople': 110, 'sourceNode': '640649'}, {'targetNode': '780789', 'numOfPeople': 630, 'sourceNode': '999001'}, {'targetNode': '560569', 'numOfPeople': 132, 'sourceNode': '617629'}, {'targetNode': '401405', 'numOfPeople': 265, 'sourceNode': '560569'}, {'targetNode': '999999', 'numOfPeople': 137, 'sourceNode': '650659'}], 'sufferDisease': ['401405', '617629'], 'distinctGene': ['617629', '249259', '401405'], 'keyPathway': [], 'importantNode': ['780789', '617629', '401405', '650659']}
INFO 2021-08-18 01:29:36,829 Kpa 8772 5364 exit
INFO 2021-08-18 01:29:36,830 views 8772 5364 complete step 6
INFO 2021-08-18 01:29:38,680 views 8772 5364 complete step 1
INFO 2021-08-18 01:29:38,715 views 8772 5364 complete step 2
INFO 2021-08-18 01:29:38,718 views 8772 5364 complete step 3
INFO 2021-08-18 01:29:38,729 views 8772 5364 complete step 4
INFO 2021-08-18 01:29:39,051 views 8772 5364 complete step 5
INFO 2021-08-18 01:29:39,055 Kpa 8772 5364 {'baseNetwork': [{'targetNode': '560569', 'numOfPeople': 133, 'sourceNode': '780789'}, {'targetNode': '650659', 'numOfPeople': 551, 'sourceNode': '90099'}, {'targetNode': '401405', 'numOfPeople': 803, 'sourceNode': '690698'}, {'targetNode': '90099', 'numOfPeople': 177, 'sourceNode': '999001'}, {'targetNode': '401405', 'numOfPeople': 130, 'sourceNode': '249259'}, {'targetNode': '210229', 'numOfPeople': 140, 'sourceNode': '999001'}, {'targetNode': '401405', 'numOfPeople': 235, 'sourceNode': '520529'}, {'targetNode': '640649', 'numOfPeople': 1931, 'sourceNode': '617629'}, {'targetNode': '460466', 'numOfPeople': 186, 'sourceNode': '780789'}, {'targetNode': '401405', 'numOfPeople': 717, 'sourceNode': '780789'}, {'targetNode': '690698', 'numOfPeople': 468, 'sourceNode': '999001'}, {'targetNode': '401405', 'numOfPeople': 2416, 'sourceNode': '640649'}, {'targetNode': '560569', 'numOfPeople': 132, 'sourceNode': '617629'}, {'targetNode': '640649', 'numOfPeople': 294, 'sourceNode': '780789'}, {'targetNode': '401405', 'numOfPeople': 169, 'sourceNode': '614616'}, {'targetNode': '617629', 'numOfPeople': 2420, 'sourceNode': '999001'}, {'targetNode': '555558', 'numOfPeople': 149, 'sourceNode': '460466'}, {'targetNode': '249259', 'numOfPeople': 405, 'sourceNode': '999001'}, {'targetNode': '110118', 'numOfPeople': 157, 'sourceNode': '999001'}, {'targetNode': '401405', 'numOfPeople': 1694, 'sourceNode': '617629'}, {'targetNode': '401405', 'numOfPeople': 140, 'sourceNode': '210229'}, {'targetNode': '650659', 'numOfPeople': 956, 'sourceNode': '617629'}, {'targetNode': '617629', 'numOfPeople': 833, 'sourceNode': '460466'}, {'targetNode': '640649', 'numOfPeople': 297, 'sourceNode': '530539'}, {'targetNode': '640649', 'numOfPeople': 192, 'sourceNode': '614616'}, {'targetNode': '640649', 'numOfPeople': 275, 'sourceNode': '249259'}, {'targetNode': '640649', 'numOfPeople': 144, 'sourceNode': '690698'}, {'targetNode': '520529', 'numOfPeople': 235, 'sourceNode': '460466'}, {'targetNode': '614616', 'numOfPeople': 169, 'sourceNode': '780789'}, {'targetNode': '555558', 'numOfPeople': 215, 'sourceNode': '999001'}, {'targetNode': '401405', 'numOfPeople': 131, 'sourceNode': '630639'}, {'targetNode': '640649', 'numOfPeople': 556, 'sourceNode': '999001'}, {'targetNode': '690698', 'numOfPeople': 145, 'sourceNode': '617629'}, {'targetNode': '90099', 'numOfPeople': 121, 'sourceNode': '780789'}, {'targetNode': '401405', 'numOfPeople': 1524, 'sourceNode': '999001'}, {'targetNode': '560569', 'numOfPeople': 231, 'sourceNode': '999001'}, {'targetNode': '617629', 'numOfPeople': 448, 'sourceNode': '780789'}, {'targetNode': '630639', 'numOfPeople': 131, 'sourceNode': '999001'}, {'targetNode': '401405', 'numOfPeople': 1225, 'sourceNode': '460466'}, {'targetNode': '401405', 'numOfPeople': 364, 'sourceNode': '555558'}, {'targetNode': '690698', 'numOfPeople': 189, 'sourceNode': '460466'}, {'targetNode': '90099', 'numOfPeople': 131, 'sourceNode': '617629'}, {'targetNode': '690698', 'numOfPeople': 145, 'sourceNode': '780789'}, {'targetNode': '617629', 'numOfPeople': 332, 'sourceNode': '520529'}, {'targetNode': '650659', 'numOfPeople': 275, 'sourceNode': '640649'}, {'targetNode': '999999', 'numOfPeople': 473, 'sourceNode': '650659'}, {'targetNode': '90099', 'numOfPeople': 122, 'sourceNode': '460466'}, {'targetNode': '640649', 'numOfPeople': 396, 'sourceNode': '460466'}, {'targetNode': '560569', 'numOfPeople': 158, 'sourceNode': '460466'}, {'targetNode': '650659', 'numOfPeople': 163, 'sourceNode': '530539'}, {'targetNode': '520529', 'numOfPeople': 332, 'sourceNode': '999001'}, {'targetNode': '530539', 'numOfPeople': 297, 'sourceNode': '999001'}, {'targetNode': '401405', 'numOfPeople': 157, 'sourceNode': '110118'}, {'targetNode': '460466', 'numOfPeople': 3121, 'sourceNode': '999001'}, {'targetNode': '999999', 'numOfPeople': 1857, 'sourceNode': '401405'}, {'targetNode': '650659', 'numOfPeople': 550, 'sourceNode': '401405'}, {'targetNode': '999999', 'numOfPeople': 202, 'sourceNode': '640649'}, {'targetNode': '780789', 'numOfPeople': 2213, 'sourceNode': '999001'}, {'targetNode': '614616', 'numOfPeople': 192, 'sourceNode': '999001'}, {'targetNode': '401405', 'numOfPeople': 654, 'sourceNode': '560569'}], 'sufferDisease': ['401405', '617629'], 'distinctGene': ['617629', '530539', '249259', '401405'], 'keyPathway': [], 'importantNode': ['617629', '460466', '780789', '401405', '650659', '640649']}
INFO 2021-08-18 01:29:39,082 Kpa 8772 5364 exit
INFO 2021-08-18 01:29:39,082 views 8772 5364 complete step 6
INFO 2021-08-18 01:30:48,546 views 8772 5364 complete step 1
INFO 2021-08-18 01:30:48,553 views 8772 5364 complete step 2
INFO 2021-08-18 01:30:48,556 views 8772 5364 complete step 3
INFO 2021-08-18 01:30:48,558 views 8772 5364 complete step 4
INFO 2021-08-18 01:30:48,559 views 8772 5364 complete step 5
INFO 2021-08-18 01:30:48,562 Kpa 8772 5364 {'baseNetwork': [{'targetNode': '617629', 'numOfPeople': 280, 'sourceNode': '999001'}, {'targetNode': '690698', 'numOfPeople': 145, 'sourceNode': '617629'}, {'targetNode': '617629', 'numOfPeople': 110, 'sourceNode': '780789'}, {'targetNode': '401405', 'numOfPeople': 145, 'sourceNode': '690698'}, {'targetNode': '249259', 'numOfPeople': 130, 'sourceNode': '999001'}, {'targetNode': '401405', 'numOfPeople': 130, 'sourceNode': '249259'}, {'targetNode': '401405', 'numOfPeople': 135, 'sourceNode': '617629'}, {'targetNode': '640649', 'numOfPeople': 110, 'sourceNode': '617629'}, {'targetNode': '999999', 'numOfPeople': 96, 'sourceNode': '401405'}, {'targetNode': '650659', 'numOfPeople': 135, 'sourceNode': '401405'}, {'targetNode': '401405', 'numOfPeople': 110, 'sourceNode': '640649'}, {'targetNode': '780789', 'numOfPeople': 110, 'sourceNode': '999001'}, {'targetNode': '999999', 'numOfPeople': 32, 'sourceNode': '650659'}], 'sufferDisease': ['401405', '617629'], 'distinctGene': ['617629', '249259', '401405'], 'keyPathway': [], 'importantNode': ['617629', '401405', '780789']}
INFO 2021-08-18 01:30:48,562 Kpa 8772 5364 exit
INFO 2021-08-18 01:30:48,562 views 8772 5364 complete step 6
INFO 2021-08-18 01:31:01,203 views 8772 5364 complete step 1
INFO 2021-08-18 01:31:01,209 views 8772 5364 complete step 2
INFO 2021-08-18 01:31:01,212 views 8772 5364 complete step 3
INFO 2021-08-18 01:31:01,214 views 8772 5364 complete step 4
INFO 2021-08-18 01:31:01,229 views 8772 5364 complete step 5
INFO 2021-08-18 01:31:01,232 Kpa 8772 5364 {'baseNetwork': [{'targetNode': '617629', 'numOfPeople': 412, 'sourceNode': '999001'}, {'targetNode': '560569', 'numOfPeople': 133, 'sourceNode': '780789'}, {'targetNode': '690698', 'numOfPeople': 145, 'sourceNode': '617629'}, {'targetNode': '90099', 'numOfPeople': 121, 'sourceNode': '780789'}, {'targetNode': '650659', 'numOfPeople': 121, 'sourceNode': '90099'}, {'targetNode': '401405', 'numOfPeople': 250, 'sourceNode': '999001'}, {'targetNode': '617629', 'numOfPeople': 231, 'sourceNode': '780789'}, {'targetNode': '401405', 'numOfPeople': 479, 'sourceNode': '690698'}, {'targetNode': '249259', 'numOfPeople': 130, 'sourceNode': '999001'}, {'targetNode': '690698', 'numOfPeople': 189, 'sourceNode': '460466'}, {'targetNode': '401405', 'numOfPeople': 130, 'sourceNode': '249259'}, {'targetNode': '401405', 'numOfPeople': 135, 'sourceNode': '617629'}, {'targetNode': '650659', 'numOfPeople': 121, 'sourceNode': '617629'}, {'targetNode': '640649', 'numOfPeople': 231, 'sourceNode': '617629'}, {'targetNode': '460466', 'numOfPeople': 189, 'sourceNode': '999001'}, {'targetNode': '999999', 'numOfPeople': 222, 'sourceNode': '401405'}, {'targetNode': '690698', 'numOfPeople': 145, 'sourceNode': '780789'}, {'targetNode': '650659', 'numOfPeople': 385, 'sourceNode': '401405'}, {'targetNode': '999999', 'numOfPeople': 27, 'sourceNode': '640649'}, {'targetNode': '401405', 'numOfPeople': 110, 'sourceNode': '640649'}, {'targetNode': '780789', 'numOfPeople': 630, 'sourceNode': '999001'}, {'targetNode': '560569', 'numOfPeople': 132, 'sourceNode': '617629'}, {'targetNode': '401405', 'numOfPeople': 265, 'sourceNode': '560569'}, {'targetNode': '999999', 'numOfPeople': 137, 'sourceNode': '650659'}], 'sufferDisease': ['401405', '617629'], 'distinctGene': ['617629', '249259', '401405'], 'keyPathway': [], 'importantNode': ['780789', '617629', '401405', '650659']}
INFO 2021-08-18 01:31:01,232 Kpa 8772 5364 exit
INFO 2021-08-18 01:31:01,233 views 8772 5364 complete step 6
INFO 2021-08-18 01:31:10,422 views 8772 5364 complete step 1
INFO 2021-08-18 01:31:10,434 views 8772 5364 complete step 2
INFO 2021-08-18 01:31:10,437 views 8772 5364 complete step 3
INFO 2021-08-18 01:31:10,440 views 8772 5364 complete step 4
INFO 2021-08-18 01:31:10,732 views 8772 5364 complete step 5
INFO 2021-08-18 01:31:10,738 Kpa 8772 5364 {'baseNetwork': [{'targetNode': '560569', 'numOfPeople': 133, 'sourceNode': '780789'}, {'targetNode': '650659', 'numOfPeople': 551, 'sourceNode': '90099'}, {'targetNode': '401405', 'numOfPeople': 803, 'sourceNode': '690698'}, {'targetNode': '90099', 'numOfPeople': 177, 'sourceNode': '999001'}, {'targetNode': '401405', 'numOfPeople': 130, 'sourceNode': '249259'}, {'targetNode': '210229', 'numOfPeople': 140, 'sourceNode': '999001'}, {'targetNode': '401405', 'numOfPeople': 235, 'sourceNode': '520529'}, {'targetNode': '640649', 'numOfPeople': 1931, 'sourceNode': '617629'}, {'targetNode': '460466', 'numOfPeople': 186, 'sourceNode': '780789'}, {'targetNode': '401405', 'numOfPeople': 717, 'sourceNode': '780789'}, {'targetNode': '690698', 'numOfPeople': 468, 'sourceNode': '999001'}, {'targetNode': '401405', 'numOfPeople': 2416, 'sourceNode': '640649'}, {'targetNode': '560569', 'numOfPeople': 132, 'sourceNode': '617629'}, {'targetNode': '640649', 'numOfPeople': 294, 'sourceNode': '780789'}, {'targetNode': '401405', 'numOfPeople': 169, 'sourceNode': '614616'}, {'targetNode': '617629', 'numOfPeople': 2420, 'sourceNode': '999001'}, {'targetNode': '555558', 'numOfPeople': 149, 'sourceNode': '460466'}, {'targetNode': '249259', 'numOfPeople': 405, 'sourceNode': '999001'}, {'targetNode': '110118', 'numOfPeople': 157, 'sourceNode': '999001'}, {'targetNode': '401405', 'numOfPeople': 1694, 'sourceNode': '617629'}, {'targetNode': '401405', 'numOfPeople': 140, 'sourceNode': '210229'}, {'targetNode': '650659', 'numOfPeople': 956, 'sourceNode': '617629'}, {'targetNode': '617629', 'numOfPeople': 833, 'sourceNode': '460466'}, {'targetNode': '640649', 'numOfPeople': 297, 'sourceNode': '530539'}, {'targetNode': '640649', 'numOfPeople': 192, 'sourceNode': '614616'}, {'targetNode': '640649', 'numOfPeople': 275, 'sourceNode': '249259'}, {'targetNode': '640649', 'numOfPeople': 144, 'sourceNode': '690698'}, {'targetNode': '520529', 'numOfPeople': 235, 'sourceNode': '460466'}, {'targetNode': '614616', 'numOfPeople': 169, 'sourceNode': '780789'}, {'targetNode': '555558', 'numOfPeople': 215, 'sourceNode': '999001'}, {'targetNode': '401405', 'numOfPeople': 131, 'sourceNode': '630639'}, {'targetNode': '640649', 'numOfPeople': 556, 'sourceNode': '999001'}, {'targetNode': '690698', 'numOfPeople': 145, 'sourceNode': '617629'}, {'targetNode': '90099', 'numOfPeople': 121, 'sourceNode': '780789'}, {'targetNode': '401405', 'numOfPeople': 1524, 'sourceNode': '999001'}, {'targetNode': '560569', 'numOfPeople': 231, 'sourceNode': '999001'}, {'targetNode': '617629', 'numOfPeople': 448, 'sourceNode': '780789'}, {'targetNode': '630639', 'numOfPeople': 131, 'sourceNode': '999001'}, {'targetNode': '401405', 'numOfPeople': 1225, 'sourceNode': '460466'}, {'targetNode': '401405', 'numOfPeople': 364, 'sourceNode': '555558'}, {'targetNode': '690698', 'numOfPeople': 189, 'sourceNode': '460466'}, {'targetNode': '90099', 'numOfPeople': 131, 'sourceNode': '617629'}, {'targetNode': '690698', 'numOfPeople': 145, 'sourceNode': '780789'}, {'targetNode': '617629', 'numOfPeople': 332, 'sourceNode': '520529'}, {'targetNode': '650659', 'numOfPeople': 275, 'sourceNode': '640649'}, {'targetNode': '999999', 'numOfPeople': 473, 'sourceNode': '650659'}, {'targetNode': '90099', 'numOfPeople': 122, 'sourceNode': '460466'}, {'targetNode': '640649', 'numOfPeople': 396, 'sourceNode': '460466'}, {'targetNode': '560569', 'numOfPeople': 158, 'sourceNode': '460466'}, {'targetNode': '650659', 'numOfPeople': 163, 'sourceNode': '530539'}, {'targetNode': '520529', 'numOfPeople': 332, 'sourceNode': '999001'}, {'targetNode': '530539', 'numOfPeople': 297, 'sourceNode': '999001'}, {'targetNode': '401405', 'numOfPeople': 157, 'sourceNode': '110118'}, {'targetNode': '460466', 'numOfPeople': 3121, 'sourceNode': '999001'}, {'targetNode': '999999', 'numOfPeople': 1857, 'sourceNode': '401405'}, {'targetNode': '650659', 'numOfPeople': 550, 'sourceNode': '401405'}, {'targetNode': '999999', 'numOfPeople': 202, 'sourceNode': '640649'}, {'targetNode': '780789', 'numOfPeople': 2213, 'sourceNode': '999001'}, {'targetNode': '614616', 'numOfPeople': 192, 'sourceNode': '999001'}, {'targetNode': '401405', 'numOfPeople': 654, 'sourceNode': '560569'}], 'sufferDisease': ['401405', '617629'], 'distinctGene': ['617629', '530539', '249259', '401405'], 'keyPathway': [], 'importantNode': ['617629', '460466', '780789', '401405', '650659', '640649']}
INFO 2021-08-18 01:31:10,751 Kpa 8772 5364 exit
INFO 2021-08-18 01:31:10,751 views 8772 5364 complete step 6
INFO 2021-08-18 01:31:22,613 views 8772 5364 complete step 1
INFO 2021-08-18 01:31:22,619 views 8772 5364 complete step 2
INFO 2021-08-18 01:31:22,622 views 8772 5364 complete step 3
INFO 2021-08-18 01:31:22,626 views 8772 5364 complete step 4
INFO 2021-08-18 01:31:22,627 views 8772 5364 complete step 5
INFO 2021-08-18 01:31:22,630 Kpa 8772 5364 {'baseNetwork': [{'targetNode': '420429', 'numOfPeople': 9949, 'sourceNode': '780789'}, {'targetNode': '999999', 'numOfPeople': 48170, 'sourceNode': '420429'}, {'targetNode': '420429', 'numOfPeople': 6973, 'sourceNode': '530539'}, {'targetNode': '530539', 'numOfPeople': 6973, 'sourceNode': '999001'}, {'targetNode': '725729', 'numOfPeople': 6125, 'sourceNode': '999001'}, {'targetNode': '420429', 'numOfPeople': 6153, 'sourceNode': '710719'}, {'targetNode': '420429', 'numOfPeople': 6125, 'sourceNode': '725729'}, {'targetNode': '720724', 'numOfPeople': 6005, 'sourceNode': '999001'}, {'targetNode': '460466', 'numOfPeople': 21331, 'sourceNode': '999001'}, {'targetNode': '710719', 'numOfPeople': 6153, 'sourceNode': '999001'}, {'targetNode': '420429', 'numOfPeople': 6005, 'sourceNode': '720724'}, {'targetNode': '999999', 'numOfPeople': 8894, 'sourceNode': '410414'}, {'targetNode': '410414', 'numOfPeople': 11229, 'sourceNode': '460466'}, {'targetNode': '420429', 'numOfPeople': 10102, 'sourceNode': '460466'}, {'targetNode': '420429', 'numOfPeople': 14413, 'sourceNode': '999001'}, {'targetNode': '780789', 'numOfPeople': 9949, 'sourceNode': '999001'}], 'sufferDisease': ['420429'], 'distinctGene': [], 'keyPathway': [], 'importantNode': ['460466', '420429']}
INFO 2021-08-18 01:31:22,630 Kpa 8772 5364 exit
INFO 2021-08-18 01:31:22,630 views 8772 5364 complete step 6
INFO 2021-08-18 01:31:31,209 views 8772 5364 complete step 1
INFO 2021-08-18 01:31:31,215 views 8772 5364 complete step 2
INFO 2021-08-18 01:31:31,217 views 8772 5364 complete step 3
INFO 2021-08-18 01:31:31,233 views 8772 5364 complete step 4
INFO 2021-08-18 01:31:31,237 views 8772 5364 complete step 5
INFO 2021-08-18 01:31:31,253 Kpa 8772 5364 {'baseNetwork': [{'targetNode': '420429', 'numOfPeople': 9949, 'sourceNode': '780789'}, {'targetNode': '410414', 'numOfPeople': 8650, 'sourceNode': '401405'}, {'targetNode': '410414', 'numOfPeople': 7151, 'sourceNode': '710719'}, {'targetNode': '401405', 'numOfPeople': 15691, 'sourceNode': '999001'}, {'targetNode': '420429', 'numOfPeople': 6995, 'sourceNode': '360379'}, {'targetNode': '410414', 'numOfPeople': 17856, 'sourceNode': '999001'}, {'targetNode': '410414', 'numOfPeople': 7910, 'sourceNode': '360379'}, {'targetNode': '420429', 'numOfPeople': 6787, 'sourceNode': '520529'}, {'targetNode': '999999', 'numOfPeople': 64964, 'sourceNode': '420429'}, {'targetNode': '520529', 'numOfPeople': 14249, 'sourceNode': '999001'}, {'targetNode': '420429', 'numOfPeople': 6973, 'sourceNode': '530539'}, {'targetNode': '530539', 'numOfPeople': 14842, 'sourceNode': '999001'}, {'targetNode': '725729', 'numOfPeople': 13054, 'sourceNode': '999001'}, {'targetNode': '420429', 'numOfPeople': 6153, 'sourceNode': '710719'}, {'targetNode': '270279', 'numOfPeople': 5529, 'sourceNode': '999001'}, {'targetNode': '410414', 'numOfPeople': 5529, 'sourceNode': '270279'}, {'targetNode': '410414', 'numOfPeople': 10976, 'sourceNode': '780789'}, {'targetNode': '420429', 'numOfPeople': 6125, 'sourceNode': '725729'}, {'targetNode': '720724', 'numOfPeople': 12953, 'sourceNode': '999001'}, {'targetNode': '420429', 'numOfPeople': 7041, 'sourceNode': '401405'}, {'targetNode': '410414', 'numOfPeople': 5276, 'sourceNode': '690698'}, {'targetNode': '460466', 'numOfPeople': 21331, 'sourceNode': '999001'}, {'targetNode': '710719', 'numOfPeople': 13304, 'sourceNode': '999001'}, {'targetNode': '420429', 'numOfPeople': 6005, 'sourceNode': '720724'}, {'targetNode': '999999', 'numOfPeople': 81449, 'sourceNode': '410414'}, {'targetNode': '410414', 'numOfPeople': 6948, 'sourceNode': '720724'}, {'targetNode': '690698', 'numOfPeople': 5276, 'sourceNode': '999001'}, {'targetNode': '410414', 'numOfPeople': 7462, 'sourceNode': '520529'}, {'targetNode': '410414', 'numOfPeople': 11229, 'sourceNode': '460466'}, {'targetNode': '420429', 'numOfPeople': 10102, 'sourceNode': '460466'}, {'targetNode': '420429', 'numOfPeople': 14413, 'sourceNode': '999001'}, {'targetNode': '780789', 'numOfPeople': 20925, 'sourceNode': '999001'}, {'targetNode': '360379', 'numOfPeople': 14905, 'sourceNode': '999001'}, {'targetNode': '410414', 'numOfPeople': 6929, 'sourceNode': '725729'}, {'targetNode': '410414', 'numOfPeople': 7869, 'sourceNode': '530539'}], 'sufferDisease': ['401405', '420429'], 'distinctGene': [], 'keyPathway': [], 'importantNode': ['420429', '410414', '460466', '780789']}
INFO 2021-08-18 01:31:31,265 Kpa 8772 5364 exit
INFO 2021-08-18 01:31:31,265 views 8772 5364 complete step 6
